<?xml version="1.0" encoding="UTF-8"?>
<!-- Generated by org.testng.reporters.JUnitXMLReporter -->
<testsuite hostname="DESKTOP-HFBDKS6" ignored="2" name="Assignment1" tests="2" failures="1" timestamp="03 Nov 2018 23:51:57 GMT" time="125.996" errors="0">
  <testcase name="@BeforeClass confURL" time="36.093" classname="com.automation.tests.FacebookLoginPageTest">
    <failure type="org.openqa.selenium.TimeoutException" message="timeout
  (Session info: chrome=70.0.3538.77)
  (Driver info: chromedriver=2.43.600210 (68dcf5eebde37173d4027fa8635e332711d2874a),platform=Windows NT 10.0.17134 x86_64) (WARNING: The server did not provide any stacktrace information)
Command duration or timeout: 0 milliseconds
Build info: version: &amp;apos;3.13.0&amp;apos;, revision: &amp;apos;2f0d292&amp;apos;, time: &amp;apos;2018-06-25T15:24:21.231Z&amp;apos;
System info: host: &amp;apos;DESKTOP-HFBDKS6&amp;apos;, ip: &amp;apos;172.25.168.65&amp;apos;, os.name: &amp;apos;Windows 10&amp;apos;, os.arch: &amp;apos;amd64&amp;apos;, os.version: &amp;apos;10.0&amp;apos;, java.version: &amp;apos;1.8.0_172&amp;apos;
Driver info: org.openqa.selenium.chrome.ChromeDriver
Capabilities {acceptInsecureCerts: false, acceptSslCerts: false, applicationCacheEnabled: false, browserConnectionEnabled: false, browserName: chrome, chrome: {chromedriverVersion: 2.43.600210 (68dcf5eebde371..., userDataDir: C:\Users\Avinash\AppData\Lo...}, cssSelectorsEnabled: true, databaseEnabled: false, goog:chromeOptions: {debuggerAddress: localhost:53605}, handlesAlerts: true, hasTouchScreen: false, javascriptEnabled: true, locationContextEnabled: true, mobileEmulationEnabled: false, nativeEvents: true, networkConnectionEnabled: false, pageLoadStrategy: normal, platform: XP, platformName: XP, rotatable: false, setWindowRect: true, takesHeapSnapshot: true, takesScreenshot: true, unexpectedAlertBehaviour: , unhandledPromptBehavior: , version: 70.0.3538.77, webStorageEnabled: true}
Session ID: 922bfaee42223453b9f759828a44589f">
      <![CDATA[org.openqa.selenium.TimeoutException: timeout  (Session info: chrome=70.0.3538.77)  (Driver info: chromedriver=2.43.600210 (68dcf5eebde37173d4027fa8635e332711d2874a),platform=Windows NT 10.0.17134 x86_64) (WARNING: The server did not provide any stacktrace information)Command duration or timeout: 0 millisecondsBuild info: version: '3.13.0', revision: '2f0d292', time: '2018-06-25T15:24:21.231Z'System info: host: 'DESKTOP-HFBDKS6', ip: '172.25.168.65', os.name: 'Windows 10', os.arch: 'amd64', os.version: '10.0', java.version: '1.8.0_172'Driver info: org.openqa.selenium.chrome.ChromeDriverCapabilities {acceptInsecureCerts: false, acceptSslCerts: false, applicationCacheEnabled: false, browserConnectionEnabled: false, browserName: chrome, chrome: {chromedriverVersion: 2.43.600210 (68dcf5eebde371..., userDataDir: C:\Users\Avinash\AppData\Lo...}, cssSelectorsEnabled: true, databaseEnabled: false, goog:chromeOptions: {debuggerAddress: localhost:53605}, handlesAlerts: true, hasTouchScreen: false, javascriptEnabled: true, locationContextEnabled: true, mobileEmulationEnabled: false, nativeEvents: true, networkConnectionEnabled: false, pageLoadStrategy: normal, platform: XP, platformName: XP, rotatable: false, setWindowRect: true, takesHeapSnapshot: true, takesScreenshot: true, unexpectedAlertBehaviour: , unhandledPromptBehavior: , version: 70.0.3538.77, webStorageEnabled: true}Session ID: 922bfaee42223453b9f759828a44589fat org.openqa.selenium.remote.ErrorHandler.createThrowable(ErrorHandler.java:214)at org.openqa.selenium.remote.ErrorHandler.throwIfResponseFailed(ErrorHandler.java:166)at org.openqa.selenium.remote.http.JsonHttpResponseCodec.reconstructValue(JsonHttpResponseCodec.java:40)at org.openqa.selenium.remote.http.AbstractHttpResponseCodec.decode(AbstractHttpResponseCodec.java:80)at org.openqa.selenium.remote.http.AbstractHttpResponseCodec.decode(AbstractHttpResponseCodec.java:44)at org.openqa.selenium.remote.HttpCommandExecutor.execute(HttpCommandExecutor.java:158)at org.openqa.selenium.remote.service.DriverCommandExecutor.execute(DriverCommandExecutor.java:83)at org.openqa.selenium.remote.RemoteWebDriver.execute(RemoteWebDriver.java:548)at org.openqa.selenium.remote.RemoteWebDriver.get(RemoteWebDriver.java:276)at com.automation.framework.base.Base.getFacebookURL(Base.java:51)at com.automation.tests.FacebookLoginPageTest.confURL(FacebookLoginPageTest.java:21)... Removed 30 stack frames]]>
    </failure>
  </testcase> <!-- @BeforeClass confURL -->
  <testcase name="@AfterMethod testTeardown" time="0.0" classname="com.automation.tests.TestBase">
    <skipped/>
  </testcase> <!-- @AfterMethod testTeardown -->
  <testcase name="@AfterClass closeBrowser" time="0.0" classname="com.automation.tests.TestBase">
    <skipped/>
  </testcase> <!-- @AfterClass closeBrowser -->
  <testcase name="reviewTest" time="55.987" classname="com.automation.tests.WalletHubReviewTest">
    <failure type="java.lang.AssertionError" message="expected [true] but found [false]">
      <![CDATA[java.lang.AssertionError: expected [true] but found [false]at com.automation.tests.WalletHubReviewTest.reviewTest(WalletHubReviewTest.java:31)... Removed 29 stack frames]]>
    </failure>
  </testcase> <!-- reviewTest -->
  <testcase name="facbookLogin" time="0.0" classname="com.automation.tests.FacebookLoginPageTest">
    <skipped/>
  </testcase> <!-- facbookLogin -->
  <testcase name="@BeforeSuite setupGlobal" time="0.0" classname="com.automation.tests.TestBase">
    <ignored/>
  </testcase> <!-- @BeforeSuite setupGlobal -->
  <testcase name="@AfterSuite teardownGlobal" time="0.0" classname="com.automation.tests.TestBase">
    <ignored/>
  </testcase> <!-- @AfterSuite teardownGlobal -->
</testsuite> <!-- Assignment1 -->
